
/home/runner/work/exp-root-locus-dei/exp-root-locus-dei/experiment/simulation/js/main.js
    2:6   warning  'lab_imp' is assigned a value but never used    no-unused-vars
    3:6   warning  'dat_imp' is assigned a value but never used    no-unused-vars
    4:6   warning  'lab_step' is assigned a value but never used   no-unused-vars
    5:6   warning  'dat_step' is assigned a value but never used   no-unused-vars
   11:5   warning  're_nyq1' is assigned a value but never used    no-unused-vars
   12:5   warning  'img_nyq1' is assigned a value but never used   no-unused-vars
   13:5   warning  're_nyq2' is assigned a value but never used    no-unused-vars
   14:5   warning  'img_nyq2' is assigned a value but never used   no-unused-vars
   15:5   warning  'stepeqn' is defined but never used             no-unused-vars
   15:13  warning  'impuleqn' is defined but never used            no-unused-vars
   18:5   warning  'kpi' is defined but never used                 no-unused-vars
   18:9   warning  'essi' is defined but never used                no-unused-vars
   18:14  warning  'esss' is defined but never used                no-unused-vars
   18:19  warning  'kp' is defined but never used                  no-unused-vars
   22:11  warning  'addval' is defined but never used              no-unused-vars
   23:6   warning  'lab' is not defined                            no-undef
   24:6   warning  'dat' is not defined                            no-undef
   26:10  warning  'nums' is defined but never used                no-unused-vars
   34:6   warning  'zero' is not defined                           no-undef
   37:10  warning  'ni' is assigned a value but never used         no-unused-vars
   40:6   warning  'c' is not defined                              no-undef
   41:6   warning  'd' is not defined                              no-undef
   42:6   warning  'p' is not defined                              no-undef
   43:6   warning  'q' is not defined                              no-undef
   44:6   warning  'r' is not defined                              no-undef
   46:6   warning  'zero' is not defined                           no-undef
   46:20  warning  'd' is not defined                              no-undef
   46:22  warning  'c' is not defined                              no-undef
   64:17  warning  'p' is not defined                              no-undef
   64:25  warning  'c' is not defined                              no-undef
   64:33  warning  'd' is not defined                              no-undef
   66:18  warning  'p' is not defined                              no-undef
   66:26  warning  'c' is not defined                              no-undef
   66:32  warning  'p' is not defined                              no-undef
   66:38  warning  'q' is not defined                              no-undef
   71:9   warning  'd' is not defined                              no-undef
   71:18  warning  'q' is not defined                              no-undef
   71:26  warning  'p' is not defined                              no-undef
   74:17  warning  'c' is not defined                              no-undef
   74:25  warning  'd' is not defined                              no-undef
   77:9   warning  'p' is not defined                              no-undef
   77:17  warning  'q' is not defined                              no-undef
   77:25  warning  'r' is not defined                              no-undef
   92:13  warning  'p' is not defined                              no-undef
   93:18  warning  'p' is not defined                              no-undef
   94:11  warning  'dend' is not defined                           no-undef
   94:29  warning  'p' is not defined                              no-undef
   94:31  warning  'q' is not defined                              no-undef
   94:33  warning  'c' is not defined                              no-undef
   94:35  warning  'r' is not defined                              no-undef
   94:37  warning  'd' is not defined                              no-undef
   95:14  warning  'dend' is not defined                           no-undef
   97:23  warning  'q' is not defined                              no-undef
   97:25  warning  'c' is not defined                              no-undef
   97:38  warning  'dend' is not defined                           no-undef
   97:47  warning  'p' is not defined                              no-undef
  101:23  warning  'q' is not defined                              no-undef
  101:25  warning  'c' is not defined                              no-undef
  101:38  warning  'dend' is not defined                           no-undef
  101:47  warning  'p' is not defined                              no-undef
  106:19  warning  'dend' is not defined                           no-undef
  108:23  warning  'q' is not defined                              no-undef
  108:25  warning  'c' is not defined                              no-undef
  108:38  warning  'dend' is not defined                           no-undef
  108:47  warning  'p' is not defined                              no-undef
  116:23  warning  'q' is not defined                              no-undef
  116:25  warning  'c' is not defined                              no-undef
  116:31  warning  'p' is not defined                              no-undef
  119:32  warning  'dend' is not defined                           no-undef
  119:40  warning  'p' is not defined                              no-undef
  128:17  warning  'q' is not defined                              no-undef
  128:19  warning  'c' is not defined                              no-undef
  129:21  warning  'q' is not defined                              no-undef
  129:23  warning  'c' is not defined                              no-undef
  130:30  warning  'r' is not defined                              no-undef
  130:32  warning  'd' is not defined                              no-undef
  130:36  warning  'q' is not defined                              no-undef
  130:38  warning  'c' is not defined                              no-undef
  134:21  warning  'r' is not defined                              no-undef
  134:23  warning  'd' is not defined                              no-undef
  152:13  warning  'p2' is not defined                             no-undef
  152:18  warning  'p' is not defined                              no-undef
  153:11  warning  'q2' is not defined                             no-undef
  153:18  warning  'c' is not defined                              no-undef
  153:20  warning  'q' is not defined                              no-undef
  154:11  warning  'r2' is not defined                             no-undef
  154:18  warning  'd' is not defined                              no-undef
  154:20  warning  'r' is not defined                              no-undef
  159:27  warning  'p2' is not defined                             no-undef
  160:27  warning  'q2' is not defined                             no-undef
  161:27  warning  'r2' is not defined                             no-undef
  164:14  warning  'p2' is not defined                             no-undef
  165:18  warning  'p2' is not defined                             no-undef
  166:11  warning  'dend' is not defined                           no-undef
  166:29  warning  'p2' is not defined                             no-undef
  166:32  warning  'q2' is not defined                             no-undef
  166:35  warning  'r2' is not defined                             no-undef
  167:14  warning  'dend' is not defined                           no-undef
  169:22  warning  'q2' is not defined                             no-undef
  169:35  warning  'dend' is not defined                           no-undef
  169:44  warning  'p2' is not defined                             no-undef
  177:22  warning  'q2' is not defined                             no-undef
  177:35  warning  'dend' is not defined                           no-undef
  177:44  warning  'p2' is not defined                             no-undef
  187:19  warning  'dend' is not defined                           no-undef
  189:22  warning  'q2' is not defined                             no-undef
  189:35  warning  'dend' is not defined                           no-undef
  189:44  warning  'p2' is not defined                             no-undef
  204:22  warning  'q2' is not defined                             no-undef
  204:28  warning  'p2' is not defined                             no-undef
  209:32  warning  'dend' is not defined                           no-undef
  209:40  warning  'p2' is not defined                             no-undef
  224:16  warning  'q2' is not defined                             no-undef
  225:20  warning  'q2' is not defined                             no-undef
  226:29  warning  'r2' is not defined                             no-undef
  226:32  warning  'q2' is not defined                             no-undef
  232:15  warning  'dens' is assigned a value but never used       no-unused-vars
  232:20  warning  'r2' is not defined                             no-undef
  238:15  warning  'output2' is assigned a value but never used    no-unused-vars
  246:4   warning  'c' is not defined                              no-undef
  248:8   warning  'c' is not defined                              no-undef
  249:35  warning  'c' is not defined                              no-undef
  251:29  warning  'c' is not defined                              no-undef
  253:24  warning  'c' is not defined                              no-undef
  254:4   warning  'd' is not defined                              no-undef
  255:14  warning  'c' is not defined                              no-undef
  256:4   warning  'd' is not defined                              no-undef
  257:35  warning  'd' is not defined                              no-undef
  259:29  warning  'd' is not defined                              no-undef
  261:24  warning  'd' is not defined                              no-undef
  262:1   warning  'numerator2' is not defined                     no-undef
  266:4   warning  'p' is not defined                              no-undef
  267:25  warning  'p' is not defined                              no-undef
  268:4   warning  'q' is not defined                              no-undef
  269:6   warning  'p' is not defined                              no-undef
  270:8   warning  'q' is not defined                              no-undef
  271:40  warning  'q' is not defined                              no-undef
  273:33  warning  'q' is not defined                              no-undef
  275:30  warning  'q' is not defined                              no-undef
  276:4   warning  'r' is not defined                              no-undef
  277:6   warning  'p' is not defined                              no-undef
  277:12  warning  'q' is not defined                              no-undef
  278:6   warning  'r' is not defined                              no-undef
  279:40  warning  'r' is not defined                              no-undef
  281:33  warning  'r' is not defined                              no-undef
  283:28  warning  'r' is not defined                              no-undef
  290:5   warning  'p' is not defined                              no-undef
  291:27  warning  'p' is not defined                              no-undef
  292:5   warning  'q' is not defined                              no-undef
  292:11  warning  'c' is not defined                              no-undef
  294:8   warning  'q' is not defined                              no-undef
  296:10  warning  'c' is not defined                              no-undef
  297:39  warning  'c' is not defined                              no-undef
  299:33  warning  'c' is not defined                              no-undef
  301:14  warning  'c' is not defined                              no-undef
  303:10  warning  'q' is not defined                              no-undef
  304:39  warning  'q' is not defined                              no-undef
  306:33  warning  'q' is not defined                              no-undef
  310:10  warning  'c' is not defined                              no-undef
  311:40  warning  'q' is not defined                              no-undef
  311:48  warning  'c' is not defined                              no-undef
  313:40  warning  'q' is not defined                              no-undef
  313:46  warning  'c' is not defined                              no-undef
  317:6   warning  'r' is not defined                              no-undef
  317:12  warning  'd' is not defined                              no-undef
  319:7   warning  'd' is not defined                              no-undef
  321:8   warning  'r' is not defined                              no-undef
  322:37  warning  'r' is not defined                              no-undef
  324:31  warning  'r' is not defined                              no-undef
  326:12  warning  'r' is not defined                              no-undef
  328:9   warning  'd' is not defined                              no-undef
  329:37  warning  'd' is not defined                              no-undef
  331:31  warning  'd' is not defined                              no-undef
  335:9   warning  'd' is not defined                              no-undef
  336:38  warning  'r' is not defined                              no-undef
  336:46  warning  'd' is not defined                              no-undef
  338:38  warning  'r' is not defined                              no-undef
  338:44  warning  'd' is not defined                              no-undef
  350:13  warning  'co' is assigned a value but never used         no-unused-vars
  356:13  warning  'cc' is assigned a value but never used         no-unused-vars
  363:22  warning  'numerator2' is not defined                     no-undef
  368:14  warning  'c' is not defined                              no-undef
  369:84  warning  'd' is not defined                              no-undef
  369:86  warning  'c' is not defined                              no-undef
  373:14  warning  'p' is not defined                              no-undef
  373:20  warning  'c' is not defined                              no-undef
  374:39  warning  'zero' is not defined                           no-undef
  376:19  warning  'p' is not defined                              no-undef
  381:15  warning  'c' is not defined                              no-undef
  382:15  warning  'q' is not defined                              no-undef
  383:29  warning  'zero' is not defined                           no-undef
  386:22  warning  'zero' is not defined                           no-undef
  390:12  warning  'q' is not defined                              no-undef
  404:12  warning  'an' is not defined                             no-undef
  405:16  warning  'an' is not defined                             no-undef
  405:24  warning  'an' is not defined                             no-undef
  407:28  warning  'an' is not defined                             no-undef
  440:16  warning  'k' is defined but never used                   no-unused-vars
  447:9   warning  'MathJax' is not defined                        no-undef
  447:39  warning  'MathJax' is not defined                        no-undef
  448:9   warning  'MathJax' is not defined                        no-undef
  448:39  warning  'MathJax' is not defined                        no-undef
  449:9   warning  'MathJax' is not defined                        no-undef
  449:39  warning  'MathJax' is not defined                        no-undef
  450:9   warning  'MathJax' is not defined                        no-undef
  450:39  warning  'MathJax' is not defined                        no-undef
  451:9   warning  'MathJax' is not defined                        no-undef
  451:39  warning  'MathJax' is not defined                        no-undef
  452:9   warning  'MathJax' is not defined                        no-undef
  452:39  warning  'MathJax' is not defined                        no-undef
  465:3   warning  Unnecessary semicolon                           no-extra-semi
  472:11  warning  'showval' is defined but never used             no-unused-vars
  478:3   warning  Unnecessary semicolon                           no-extra-semi
  485:3   warning  Unnecessary semicolon                           no-extra-semi
  489:11  warning  'runprog' is defined but never used             no-unused-vars
  489:19  warning  'i' is defined but never used                   no-unused-vars
  509:3   warning  Unnecessary semicolon                           no-extra-semi
  517:14  warning  'chartplot1' is already defined                 no-redeclare
  523:12  warning  'labelstep' is assigned a value but never used  no-unused-vars
  525:23  warning  'Chart' is not defined                          no-undef
  545:19  warning  'zero' is not defined                           no-undef
  590:11  warning  'generateDataPoints' is defined but never used  no-unused-vars
  625:11  warning  'magnitude' is defined but never used           no-unused-vars
  631:11  warning  'angle' is defined but never used               no-unused-vars

✖ 224 problems (0 errors, 224 warnings)
  0 errors and 4 warnings potentially fixable with the `--fix` option.

